TN:
SF:src/middleware/authenticate.js
FN:3,authenticate
FNF:1
FNH:1
FNDA:3,authenticate
DA:4,3
DA:6,3
DA:7,0
DA:13,3
DA:15,3
DA:17,3
DA:19,3
DA:20,1
DA:27,2
DA:33,2
DA:34,1
DA:41,1
DA:48,0
DA:49,0
LF:14
LH:11
BRDA:6,0,0,0
BRDA:6,0,1,3
BRDA:6,1,0,3
BRDA:6,1,1,3
BRDA:19,2,0,1
BRDA:19,2,1,2
BRDA:19,3,0,3
BRDA:19,3,1,2
BRDA:33,4,0,1
BRDA:33,4,1,1
BRF:10
BRH:9
end_of_record
TN:
SF:src/modules/auth/auth.controller.js
FN:5,(anonymous_0)
FN:29,(anonymous_1)
FN:49,(anonymous_2)
FN:55,(anonymous_3)
FN:71,(anonymous_4)
FN:77,(anonymous_5)
FN:90,(anonymous_6)
FN:100,(anonymous_7)
FNF:8
FNH:5
FNDA:1,(anonymous_0)
FNDA:5,(anonymous_1)
FNDA:0,(anonymous_2)
FNDA:1,(anonymous_3)
FNDA:0,(anonymous_4)
FNDA:1,(anonymous_5)
FNDA:0,(anonymous_6)
FNDA:1,(anonymous_7)
DA:3,1
DA:6,1
DA:8,1
DA:10,1
DA:30,5
DA:32,5
DA:34,1
DA:50,0
DA:51,0
DA:56,1
DA:58,1
DA:60,1
DA:72,0
DA:73,0
DA:78,1
DA:80,1
DA:83,1
DA:91,0
DA:93,0
DA:101,1
DA:102,1
LF:21
LH:15
BRDA:18,0,0,1
BRDA:18,0,1,0
BRF:2
BRH:1
end_of_record
TN:
SF:src/modules/auth/auth.routes.js
FN:10,authRoutes
FNF:1
FNH:1
FNDA:1,authRoutes
DA:12,1
DA:26,1
DA:40,1
DA:42,1
DA:44,1
DA:59,1
DA:60,1
DA:61,1
LF:8
LH:8
BRF:0
BRH:0
end_of_record
TN:
SF:src/modules/auth/auth.schema.js
FNF:0
FNH:0
DA:1,1
DA:16,1
DA:28,1
DA:39,1
LF:4
LH:4
BRF:0
BRH:0
end_of_record
TN:
SF:src/modules/auth/auth.service.js
FN:5,(anonymous_0)
FN:25,(anonymous_1)
FN:36,(anonymous_2)
FN:50,(anonymous_3)
FN:58,(anonymous_4)
FN:66,(anonymous_5)
FN:75,(anonymous_6)
FN:83,(anonymous_7)
FN:95,(anonymous_8)
FNF:9
FNH:0
FNDA:0,(anonymous_0)
FNDA:0,(anonymous_1)
FNDA:0,(anonymous_2)
FNDA:0,(anonymous_3)
FNDA:0,(anonymous_4)
FNDA:0,(anonymous_5)
FNDA:0,(anonymous_6)
FNDA:0,(anonymous_7)
FNDA:0,(anonymous_8)
DA:3,0
DA:6,0
DA:20,0
DA:21,0
DA:26,0
DA:31,0
DA:32,0
DA:37,0
DA:45,0
DA:46,0
DA:51,0
DA:53,0
DA:54,0
DA:60,0
DA:62,0
DA:67,0
DA:71,0
DA:76,0
DA:78,0
DA:79,0
DA:84,0
DA:90,0
DA:91,0
DA:97,0
DA:103,0
DA:105,0
LF:26
LH:0
BRDA:20,0,0,0
BRDA:20,0,1,0
BRDA:31,1,0,0
BRDA:31,1,1,0
BRDA:45,2,0,0
BRDA:45,2,1,0
BRDA:53,3,0,0
BRDA:53,3,1,0
BRDA:62,4,0,0
BRDA:62,4,1,0
BRDA:71,5,0,0
BRDA:71,5,1,0
BRDA:78,6,0,0
BRDA:78,6,1,0
BRDA:90,7,0,0
BRDA:90,7,1,0
BRDA:105,8,0,0
BRDA:105,8,1,0
BRF:18
BRH:0
end_of_record
