{"/Users/oooo/Dev/fyp/Wearism-Backend/src/middleware/authenticate.js": {"path":"/Users/oooo/Dev/fyp/Wearism-Backend/src/middleware/authenticate.js","statementMap":{"0":{"start":{"line":4,"column":23},"end":{"line":4,"column":55}},"1":{"start":{"line":6,"column":4},"end":{"line":11,"column":5}},"2":{"start":{"line":7,"column":8},"end":{"line":10,"column":11}},"3":{"start":{"line":13,"column":18},"end":{"line":13,"column":42}},"4":{"start":{"line":15,"column":4},"end":{"line":53,"column":5}},"5":{"start":{"line":17,"column":32},"end":{"line":17,"column":66}},"6":{"start":{"line":19,"column":8},"end":{"line":24,"column":9}},"7":{"start":{"line":20,"column":12},"end":{"line":23,"column":15}},"8":{"start":{"line":27,"column":34},"end":{"line":31,"column":21}},"9":{"start":{"line":33,"column":8},"end":{"line":38,"column":9}},"10":{"start":{"line":34,"column":12},"end":{"line":37,"column":15}},"11":{"start":{"line":41,"column":8},"end":{"line":45,"column":10}},"12":{"start":{"line":48,"column":8},"end":{"line":48,"column":31}},"13":{"start":{"line":49,"column":8},"end":{"line":52,"column":11}}},"fnMap":{"0":{"name":"authenticate","decl":{"start":{"line":3,"column":22},"end":{"line":3,"column":34}},"loc":{"start":{"line":3,"column":51},"end":{"line":54,"column":1}},"line":3}},"branchMap":{"0":{"loc":{"start":{"line":6,"column":4},"end":{"line":11,"column":5}},"type":"if","locations":[{"start":{"line":6,"column":4},"end":{"line":11,"column":5}},{"start":{},"end":{}}],"line":6},"1":{"loc":{"start":{"line":6,"column":8},"end":{"line":6,"column":56}},"type":"binary-expr","locations":[{"start":{"line":6,"column":8},"end":{"line":6,"column":19}},{"start":{"line":6,"column":23},"end":{"line":6,"column":56}}],"line":6},"2":{"loc":{"start":{"line":19,"column":8},"end":{"line":24,"column":9}},"type":"if","locations":[{"start":{"line":19,"column":8},"end":{"line":24,"column":9}},{"start":{},"end":{}}],"line":19},"3":{"loc":{"start":{"line":19,"column":12},"end":{"line":19,"column":31}},"type":"binary-expr","locations":[{"start":{"line":19,"column":12},"end":{"line":19,"column":17}},{"start":{"line":19,"column":21},"end":{"line":19,"column":31}}],"line":19},"4":{"loc":{"start":{"line":33,"column":8},"end":{"line":38,"column":9}},"type":"if","locations":[{"start":{"line":33,"column":8},"end":{"line":38,"column":9}},{"start":{},"end":{}}],"line":33}},"s":{"0":3,"1":3,"2":0,"3":3,"4":3,"5":3,"6":3,"7":1,"8":2,"9":2,"10":1,"11":1,"12":0,"13":0},"f":{"0":3},"b":{"0":[0,3],"1":[3,3],"2":[1,2],"3":[3,2],"4":[1,1]},"inputSourceMap":null,"_coverageSchema":"1a1c01bbd47fc00a2c39e90264f33305004495a9","hash":"6581836d84f9f3b643787dd4646ef5dd22565fce"}
,"/Users/oooo/Dev/fyp/Wearism-Backend/src/modules/auth/auth.controller.js": {"path":"/Users/oooo/Dev/fyp/Wearism-Backend/src/modules/auth/auth.controller.js","statementMap":{"0":{"start":{"line":3,"column":30},"end":{"line":104,"column":1}},"1":{"start":{"line":6,"column":61},"end":{"line":6,"column":73}},"2":{"start":{"line":8,"column":21},"end":{"line":8,"column":91}},"3":{"start":{"line":10,"column":8},"end":{"line":25,"column":11}},"4":{"start":{"line":30,"column":36},"end":{"line":30,"column":48}},"5":{"start":{"line":32,"column":21},"end":{"line":32,"column":65}},"6":{"start":{"line":34,"column":8},"end":{"line":45,"column":11}},"7":{"start":{"line":50,"column":20},"end":{"line":50,"column":57}},"8":{"start":{"line":51,"column":8},"end":{"line":51,"column":35}},"9":{"start":{"line":56,"column":34},"end":{"line":56,"column":46}},"10":{"start":{"line":58,"column":21},"end":{"line":58,"column":68}},"11":{"start":{"line":60,"column":8},"end":{"line":67,"column":11}},"12":{"start":{"line":72,"column":8},"end":{"line":72,"column":79}},"13":{"start":{"line":73,"column":8},"end":{"line":73,"column":82}},"14":{"start":{"line":78,"column":26},"end":{"line":78,"column":38}},"15":{"start":{"line":80,"column":8},"end":{"line":80,"column":48}},"16":{"start":{"line":83,"column":8},"end":{"line":86,"column":11}},"17":{"start":{"line":91,"column":8},"end":{"line":91,"column":58}},"18":{"start":{"line":93,"column":8},"end":{"line":96,"column":11}},"19":{"start":{"line":101,"column":21},"end":{"line":101,"column":68}},"20":{"start":{"line":102,"column":8},"end":{"line":102,"column":51}}},"fnMap":{"0":{"name":"(anonymous_0)","decl":{"start":{"line":5,"column":4},"end":{"line":5,"column":5}},"loc":{"start":{"line":5,"column":33},"end":{"line":26,"column":5}},"line":5},"1":{"name":"(anonymous_1)","decl":{"start":{"line":29,"column":4},"end":{"line":29,"column":5}},"loc":{"start":{"line":29,"column":32},"end":{"line":46,"column":5}},"line":29},"2":{"name":"(anonymous_2)","decl":{"start":{"line":49,"column":4},"end":{"line":49,"column":5}},"loc":{"start":{"line":49,"column":38},"end":{"line":52,"column":5}},"line":49},"3":{"name":"(anonymous_3)","decl":{"start":{"line":55,"column":4},"end":{"line":55,"column":5}},"loc":{"start":{"line":55,"column":34},"end":{"line":68,"column":5}},"line":55},"4":{"name":"(anonymous_4)","decl":{"start":{"line":71,"column":4},"end":{"line":71,"column":5}},"loc":{"start":{"line":71,"column":33},"end":{"line":74,"column":5}},"line":71},"5":{"name":"(anonymous_5)","decl":{"start":{"line":77,"column":4},"end":{"line":77,"column":5}},"loc":{"start":{"line":77,"column":41},"end":{"line":87,"column":5}},"line":77},"6":{"name":"(anonymous_6)","decl":{"start":{"line":90,"column":4},"end":{"line":90,"column":5}},"loc":{"start":{"line":90,"column":40},"end":{"line":97,"column":5}},"line":90},"7":{"name":"(anonymous_7)","decl":{"start":{"line":100,"column":4},"end":{"line":100,"column":5}},"loc":{"start":{"line":100,"column":36},"end":{"line":103,"column":5}},"line":100}},"branchMap":{"0":{"loc":{"start":{"line":18,"column":21},"end":{"line":24,"column":22}},"type":"cond-expr","locations":[{"start":{"line":19,"column":18},"end":{"line":23,"column":17}},{"start":{"line":24,"column":18},"end":{"line":24,"column":22}}],"line":18}},"s":{"0":1,"1":1,"2":1,"3":1,"4":5,"5":5,"6":1,"7":0,"8":0,"9":1,"10":1,"11":1,"12":0,"13":0,"14":1,"15":1,"16":1,"17":0,"18":0,"19":1,"20":1},"f":{"0":1,"1":5,"2":0,"3":1,"4":0,"5":1,"6":0,"7":1},"b":{"0":[1,0]},"inputSourceMap":null,"_coverageSchema":"1a1c01bbd47fc00a2c39e90264f33305004495a9","hash":"9fb091254fb68a041b420b7a02438efab82995de"}
,"/Users/oooo/Dev/fyp/Wearism-Backend/src/modules/auth/auth.routes.js": {"path":"/Users/oooo/Dev/fyp/Wearism-Backend/src/modules/auth/auth.routes.js","statementMap":{"0":{"start":{"line":12,"column":4},"end":{"line":24,"column":6}},"1":{"start":{"line":26,"column":4},"end":{"line":38,"column":6}},"2":{"start":{"line":40,"column":4},"end":{"line":40,"column":55}},"3":{"start":{"line":42,"column":4},"end":{"line":42,"column":80}},"4":{"start":{"line":44,"column":4},"end":{"line":56,"column":6}},"5":{"start":{"line":59,"column":4},"end":{"line":59,"column":81}},"6":{"start":{"line":60,"column":4},"end":{"line":60,"column":91}},"7":{"start":{"line":61,"column":4},"end":{"line":61,"column":84}}},"fnMap":{"0":{"name":"authRoutes","decl":{"start":{"line":10,"column":22},"end":{"line":10,"column":32}},"loc":{"start":{"line":10,"column":42},"end":{"line":62,"column":1}},"line":10}},"branchMap":{},"s":{"0":1,"1":1,"2":1,"3":1,"4":1,"5":1,"6":1,"7":1},"f":{"0":1},"b":{},"inputSourceMap":null,"_coverageSchema":"1a1c01bbd47fc00a2c39e90264f33305004495a9","hash":"3abb6c0a663f5960a36cb00a05efe76a1e080b16"}
,"/Users/oooo/Dev/fyp/Wearism-Backend/src/modules/auth/auth.schema.js": {"path":"/Users/oooo/Dev/fyp/Wearism-Backend/src/modules/auth/auth.schema.js","statementMap":{"0":{"start":{"line":1,"column":28},"end":{"line":14,"column":1}},"1":{"start":{"line":16,"column":27},"end":{"line":26,"column":1}},"2":{"start":{"line":28,"column":29},"end":{"line":37,"column":1}},"3":{"start":{"line":39,"column":36},"end":{"line":48,"column":1}}},"fnMap":{},"branchMap":{},"s":{"0":1,"1":1,"2":1,"3":1},"f":{},"b":{},"inputSourceMap":null,"_coverageSchema":"1a1c01bbd47fc00a2c39e90264f33305004495a9","hash":"22519b53745b30173e77fd279ec037e05d3cb822"}
,"/Users/oooo/Dev/fyp/Wearism-Backend/src/modules/auth/auth.service.js": {"path":"/Users/oooo/Dev/fyp/Wearism-Backend/src/modules/auth/auth.service.js","statementMap":{"0":{"start":{"line":3,"column":27},"end":{"line":107,"column":1}},"1":{"start":{"line":6,"column":32},"end":{"line":18,"column":10}},"2":{"start":{"line":20,"column":8},"end":{"line":20,"column":31}},"3":{"start":{"line":20,"column":19},"end":{"line":20,"column":31}},"4":{"start":{"line":21,"column":8},"end":{"line":21,"column":20}},"5":{"start":{"line":26,"column":32},"end":{"line":29,"column":10}},"6":{"start":{"line":31,"column":8},"end":{"line":31,"column":31}},"7":{"start":{"line":31,"column":19},"end":{"line":31,"column":31}},"8":{"start":{"line":32,"column":8},"end":{"line":32,"column":20}},"9":{"start":{"line":37,"column":32},"end":{"line":43,"column":10}},"10":{"start":{"line":45,"column":8},"end":{"line":45,"column":31}},"11":{"start":{"line":45,"column":19},"end":{"line":45,"column":31}},"12":{"start":{"line":46,"column":8},"end":{"line":46,"column":24}},"13":{"start":{"line":51,"column":32},"end":{"line":51,"column":85}},"14":{"start":{"line":53,"column":8},"end":{"line":53,"column":31}},"15":{"start":{"line":53,"column":19},"end":{"line":53,"column":31}},"16":{"start":{"line":54,"column":8},"end":{"line":54,"column":20}},"17":{"start":{"line":60,"column":26},"end":{"line":60,"column":72}},"18":{"start":{"line":62,"column":8},"end":{"line":62,"column":31}},"19":{"start":{"line":62,"column":19},"end":{"line":62,"column":31}},"20":{"start":{"line":67,"column":26},"end":{"line":69,"column":10}},"21":{"start":{"line":71,"column":8},"end":{"line":71,"column":31}},"22":{"start":{"line":71,"column":19},"end":{"line":71,"column":31}},"23":{"start":{"line":76,"column":32},"end":{"line":76,"column":72}},"24":{"start":{"line":78,"column":8},"end":{"line":78,"column":31}},"25":{"start":{"line":78,"column":19},"end":{"line":78,"column":31}},"26":{"start":{"line":79,"column":8},"end":{"line":79,"column":25}},"27":{"start":{"line":84,"column":32},"end":{"line":88,"column":21}},"28":{"start":{"line":90,"column":8},"end":{"line":90,"column":31}},"29":{"start":{"line":90,"column":19},"end":{"line":90,"column":31}},"30":{"start":{"line":91,"column":8},"end":{"line":91,"column":20}},"31":{"start":{"line":97,"column":8},"end":{"line":100,"column":30}},"32":{"start":{"line":103,"column":26},"end":{"line":103,"column":70}},"33":{"start":{"line":105,"column":8},"end":{"line":105,"column":31}},"34":{"start":{"line":105,"column":19},"end":{"line":105,"column":31}}},"fnMap":{"0":{"name":"(anonymous_0)","decl":{"start":{"line":5,"column":4},"end":{"line":5,"column":5}},"loc":{"start":{"line":5,"column":63},"end":{"line":22,"column":5}},"line":5},"1":{"name":"(anonymous_1)","decl":{"start":{"line":25,"column":4},"end":{"line":25,"column":5}},"loc":{"start":{"line":25,"column":37},"end":{"line":33,"column":5}},"line":25},"2":{"name":"(anonymous_2)","decl":{"start":{"line":36,"column":4},"end":{"line":36,"column":5}},"loc":{"start":{"line":36,"column":30},"end":{"line":47,"column":5}},"line":36},"3":{"name":"(anonymous_3)","decl":{"start":{"line":50,"column":4},"end":{"line":50,"column":5}},"loc":{"start":{"line":50,"column":40},"end":{"line":55,"column":5}},"line":50},"4":{"name":"(anonymous_4)","decl":{"start":{"line":58,"column":4},"end":{"line":58,"column":5}},"loc":{"start":{"line":58,"column":30},"end":{"line":63,"column":5}},"line":58},"5":{"name":"(anonymous_5)","decl":{"start":{"line":66,"column":4},"end":{"line":66,"column":5}},"loc":{"start":{"line":66,"column":32},"end":{"line":72,"column":5}},"line":66},"6":{"name":"(anonymous_6)","decl":{"start":{"line":75,"column":4},"end":{"line":75,"column":5}},"loc":{"start":{"line":75,"column":40},"end":{"line":80,"column":5}},"line":75},"7":{"name":"(anonymous_7)","decl":{"start":{"line":83,"column":4},"end":{"line":83,"column":5}},"loc":{"start":{"line":83,"column":30},"end":{"line":92,"column":5}},"line":83},"8":{"name":"(anonymous_8)","decl":{"start":{"line":95,"column":4},"end":{"line":95,"column":5}},"loc":{"start":{"line":95,"column":32},"end":{"line":106,"column":5}},"line":95}},"branchMap":{"0":{"loc":{"start":{"line":20,"column":8},"end":{"line":20,"column":31}},"type":"if","locations":[{"start":{"line":20,"column":8},"end":{"line":20,"column":31}},{"start":{},"end":{}}],"line":20},"1":{"loc":{"start":{"line":31,"column":8},"end":{"line":31,"column":31}},"type":"if","locations":[{"start":{"line":31,"column":8},"end":{"line":31,"column":31}},{"start":{},"end":{}}],"line":31},"2":{"loc":{"start":{"line":45,"column":8},"end":{"line":45,"column":31}},"type":"if","locations":[{"start":{"line":45,"column":8},"end":{"line":45,"column":31}},{"start":{},"end":{}}],"line":45},"3":{"loc":{"start":{"line":53,"column":8},"end":{"line":53,"column":31}},"type":"if","locations":[{"start":{"line":53,"column":8},"end":{"line":53,"column":31}},{"start":{},"end":{}}],"line":53},"4":{"loc":{"start":{"line":62,"column":8},"end":{"line":62,"column":31}},"type":"if","locations":[{"start":{"line":62,"column":8},"end":{"line":62,"column":31}},{"start":{},"end":{}}],"line":62},"5":{"loc":{"start":{"line":71,"column":8},"end":{"line":71,"column":31}},"type":"if","locations":[{"start":{"line":71,"column":8},"end":{"line":71,"column":31}},{"start":{},"end":{}}],"line":71},"6":{"loc":{"start":{"line":78,"column":8},"end":{"line":78,"column":31}},"type":"if","locations":[{"start":{"line":78,"column":8},"end":{"line":78,"column":31}},{"start":{},"end":{}}],"line":78},"7":{"loc":{"start":{"line":90,"column":8},"end":{"line":90,"column":31}},"type":"if","locations":[{"start":{"line":90,"column":8},"end":{"line":90,"column":31}},{"start":{},"end":{}}],"line":90},"8":{"loc":{"start":{"line":105,"column":8},"end":{"line":105,"column":31}},"type":"if","locations":[{"start":{"line":105,"column":8},"end":{"line":105,"column":31}},{"start":{},"end":{}}],"line":105}},"s":{"0":0,"1":0,"2":0,"3":0,"4":0,"5":0,"6":0,"7":0,"8":0,"9":0,"10":0,"11":0,"12":0,"13":0,"14":0,"15":0,"16":0,"17":0,"18":0,"19":0,"20":0,"21":0,"22":0,"23":0,"24":0,"25":0,"26":0,"27":0,"28":0,"29":0,"30":0,"31":0,"32":0,"33":0,"34":0},"f":{"0":0,"1":0,"2":0,"3":0,"4":0,"5":0,"6":0,"7":0,"8":0},"b":{"0":[0,0],"1":[0,0],"2":[0,0],"3":[0,0],"4":[0,0],"5":[0,0],"6":[0,0],"7":[0,0],"8":[0,0]},"inputSourceMap":null}
}
